{"uuid":"65234f78-4810-4f09-b2ed-eb37db3c384c","historyId":"1ae2c6b5415aa4038f71522c6e32e36b","testCaseId":"9c7456439a0764edc41eb786386acd66","fullName":"src/test/resources/features/Register.feature:32","labels":[{"name":"host","value":"MadhaviPoreddy"},{"name":"thread","value":"48096@MadhaviPoreddy.main(1)"},{"name":"feature","value":"User Registration"},{"name":"story","value":"Verify that user receives error message for invalid username field during registration"},{"name":"suite","value":"User Registration"},{"name":"testClass","value":"Verify that user receives error message for invalid username field during registration"},{"name":"framework","value":"cucumber4jvm"},{"name":"language","value":"java"},{"name":"gherkin_uri","value":"file:///C:/Users/mpore/eclipse-workspace/DSAlgo_March2025/DSAlgo_March2025/src/test/resources/features/Register.feature"},{"name":"package","value":"src.test.resources.features.Register_feature.User Registration"}],"links":[],"name":"Verify that user receives error message for invalid username field during registration","status":"failed","statusDetails":{"known":false,"muted":false,"flaky":false,"message":"Test failed: Incorrect error message displayed.","trace":"java.lang.AssertionError: Test failed: Incorrect error message displayed.\r\n\tat com.dsalgo.automation.stepdefinations.RegisterStepDef.then_the_correct_error_message_is_not_displayed(RegisterStepDef.java:145)\r\n\tat ✽.The correct error message is not displayed(file:///C:/Users/mpore/eclipse-workspace/DSAlgo_March2025/DSAlgo_March2025/src/test/resources/features/Register.feature:35)\r\n"},"stage":"finished","steps":[{"name":"Given The user is on the home page","status":"passed","statusDetails":{"known":false,"muted":false,"flaky":false},"stage":"finished","steps":[],"attachments":[],"parameters":[],"start":1745029660660,"stop":1745029661443},{"name":"When The user clicks on Register link","status":"passed","statusDetails":{"known":false,"muted":false,"flaky":false},"stage":"finished","steps":[],"attachments":[],"parameters":[],"start":1745029661443,"stop":1745029661686},{"name":"Given The user is on Registration page","status":"passed","statusDetails":{"known":false,"muted":false,"flaky":false},"stage":"finished","steps":[],"attachments":[],"parameters":[],"start":1745029661686,"stop":1745029661696},{"name":"When The user clicks Register button after entering space in username field and valid passwords","status":"passed","statusDetails":{"known":false,"muted":false,"flaky":false},"stage":"finished","steps":[],"attachments":[],"parameters":[],"start":1745029661696,"stop":1745029662087},{"name":"Then The correct error message is not displayed","status":"failed","statusDetails":{"known":false,"muted":false,"flaky":false,"message":"Test failed: Incorrect error message displayed.","trace":"java.lang.AssertionError: Test failed: Incorrect error message displayed.\r\n\tat com.dsalgo.automation.stepdefinations.RegisterStepDef.then_the_correct_error_message_is_not_displayed(RegisterStepDef.java:145)\r\n\tat ✽.The correct error message is not displayed(file:///C:/Users/mpore/eclipse-workspace/DSAlgo_March2025/DSAlgo_March2025/src/test/resources/features/Register.feature:35)\r\n"},"stage":"finished","steps":[],"attachments":[],"parameters":[],"start":1745029662087,"stop":1745029662158}],"attachments":[],"parameters":[],"start":1745029659538,"stop":1745029662718}