<?xml version="1.0" encoding="UTF-8"?>
<!-- Generated by org.testng.reporters.JUnitReportReporter -->
<testsuite hostname="MadhaviPoreddy" failures="3" tests="48" name="com.dsalgo.automation.runners.TestRunner" time="5781.159" errors="1" timestamp="2025-04-19T02:43:02 EDT" skipped="0">
  <testcase classname="com.dsalgo.automation.runners.TestRunner" name="runScenario" time="76.598"/>
  <system-out/>
  <testcase classname="com.dsalgo.automation.runners.TestRunner" name="runScenario" time="156.281"/>
  <system-out/>
  <testcase classname="com.dsalgo.automation.runners.TestRunner" name="runScenario" time="73.218"/>
  <system-out/>
  <testcase classname="com.dsalgo.automation.runners.TestRunner" name="runScenario" time="192.572"/>
  <system-out/>
  <testcase classname="com.dsalgo.automation.runners.TestRunner" name="runScenario" time="145.109"/>
  <system-out/>
  <testcase classname="com.dsalgo.automation.runners.TestRunner" name="runScenario" time="44.703"/>
  <system-out/>
  <testcase classname="com.dsalgo.automation.runners.TestRunner" name="runScenario" time="53.513"/>
  <system-out/>
  <testcase classname="com.dsalgo.automation.runners.TestRunner" name="runScenario" time="203.997"/>
  <system-out/>
  <testcase classname="com.dsalgo.automation.runners.TestRunner" name="runScenario" time="103.881">
    <failure message="&quot;Test failed:Page title is not matched with Actual Title expected [linked list] but found [www.javatpoint.com]" type="java.lang.AssertionError">
      <![CDATA[java.lang.AssertionError: "Test failed:Page title is not matched with Actual Title expected [linked list] but found [www.javatpoint.com]
at org.testng.Assert.fail(Assert.java:99)
at org.testng.Assert.failNotEquals(Assert.java:1037)
at org.testng.Assert.assertEqualsImpl(Assert.java:140)
at org.testng.Assert.assertEquals(Assert.java:122)
at org.testng.Assert.assertEquals(Assert.java:629)
at com.dsalgo.automation.stepdefinations.LinkedListStepDef.the_user_should_be_redirected_to_Linked_List_page_through_Linkedlist_hyperlink(LinkedListStepDef.java:176)
at ✽.The user should be redirected to linked list link page(file:///C:/Users/mpore/eclipse-workspace/DSAlgo_March2025/DSAlgo_March2025/src/test/resources/features/LinkedList.feature:109)
]]>
    </failure>
  </testcase> <!-- runScenario -->
  <system-out/>
  <testcase classname="com.dsalgo.automation.runners.TestRunner" name="runScenario" time="44.721"/>
  <system-out/>
  <testcase classname="com.dsalgo.automation.runners.TestRunner" name="runScenario" time="55.361"/>
  <system-out/>
  <testcase classname="com.dsalgo.automation.runners.TestRunner" name="runScenario" time="179.572"/>
  <system-out/>
  <testcase classname="com.dsalgo.automation.runners.TestRunner" name="runScenario" time="145.810"/>
  <system-out/>
  <testcase classname="com.dsalgo.automation.runners.TestRunner" name="runScenario" time="91.171"/>
  <system-out/>
  <testcase classname="com.dsalgo.automation.runners.TestRunner" name="runScenario" time="186.107"/>
  <system-out/>
  <testcase classname="com.dsalgo.automation.runners.TestRunner" name="runScenario" time="62.245"/>
  <system-out/>
  <testcase classname="com.dsalgo.automation.runners.TestRunner" name="runScenario" time="197.366"/>
  <system-out/>
  <testcase classname="com.dsalgo.automation.runners.TestRunner" name="runScenario" time="57.612"/>
  <system-out/>
  <testcase classname="com.dsalgo.automation.runners.TestRunner" name="runScenario" time="74.074"/>
  <system-out/>
  <testcase classname="com.dsalgo.automation.runners.TestRunner" name="runScenario" time="73.392"/>
  <system-out/>
  <testcase classname="com.dsalgo.automation.runners.TestRunner" name="runScenario" time="52.868"/>
  <system-out/>
  <testcase classname="com.dsalgo.automation.runners.TestRunner" name="runScenario" time="93.453"/>
  <system-out/>
  <testcase classname="com.dsalgo.automation.runners.TestRunner" name="runScenario" time="369.100">
    <error message="java.util.concurrent.TimeoutException
Build info: version: &#039;4.31.0&#039;, revision: &#039;1ef9f18787*&#039;
System info: os.name: &#039;Windows 11&#039;, os.arch: &#039;amd64&#039;, os.version: &#039;10.0&#039;, java.version: &#039;21.0.6&#039;
Driver info: org.openqa.selenium.chrome.ChromeDriver
Command: [b932f9b6bff46697cd98b443edf8dfcf, maximizeCurrentWindow {}]
Capabilities {acceptInsecureCerts: false, browserName: chrome, browserVersion: 135.0.7049.96, chrome: {chromedriverVersion: 135.0.7049.95 (de2eb485a195..., userDataDir: C:\Users\mpore\AppData\Loca...}, fedcm:accounts: true, goog:chromeOptions: {debuggerAddress: localhost:64006}, networkConnectionEnabled: false, pageLoadStrategy: normal, platformName: windows, proxy: Proxy(), se:cdp: ws://localhost:64006/devtoo..., se:cdpVersion: 135.0.7049.96, setWindowRect: true, strictFileInteractability: false, timeouts: {implicit: 0, pageLoad: 300000, script: 30000}, unhandledPromptBehavior: dismiss and notify, webauthn:extension:credBlob: true, webauthn:extension:largeBlob: true, webauthn:extension:minPinLength: true, webauthn:extension:prf: true, webauthn:virtualAuthenticators: true}
Session ID: b932f9b6bff46697cd98b443edf8dfcf" type="org.openqa.selenium.TimeoutException">
      <![CDATA[org.openqa.selenium.TimeoutException: java.util.concurrent.TimeoutException
Build info: version: '4.31.0', revision: '1ef9f18787*'
System info: os.name: 'Windows 11', os.arch: 'amd64', os.version: '10.0', java.version: '21.0.6'
Driver info: org.openqa.selenium.chrome.ChromeDriver
Command: [b932f9b6bff46697cd98b443edf8dfcf, maximizeCurrentWindow {}]
Capabilities {acceptInsecureCerts: false, browserName: chrome, browserVersion: 135.0.7049.96, chrome: {chromedriverVersion: 135.0.7049.95 (de2eb485a195..., userDataDir: C:\Users\mpore\AppData\Loca...}, fedcm:accounts: true, goog:chromeOptions: {debuggerAddress: localhost:64006}, networkConnectionEnabled: false, pageLoadStrategy: normal, platformName: windows, proxy: Proxy(), se:cdp: ws://localhost:64006/devtoo..., se:cdpVersion: 135.0.7049.96, setWindowRect: true, strictFileInteractability: false, timeouts: {implicit: 0, pageLoad: 300000, script: 30000}, unhandledPromptBehavior: dismiss and notify, webauthn:extension:credBlob: true, webauthn:extension:largeBlob: true, webauthn:extension:minPinLength: true, webauthn:extension:prf: true, webauthn:virtualAuthenticators: true}
Session ID: b932f9b6bff46697cd98b443edf8dfcf
at org.openqa.selenium.remote.http.jdk.JdkHttpClient.execute(JdkHttpClient.java:424)
at org.openqa.selenium.remote.HttpCommandExecutor.execute(HttpCommandExecutor.java:212)
at org.openqa.selenium.remote.service.DriverCommandExecutor.invokeExecute(DriverCommandExecutor.java:216)
at org.openqa.selenium.remote.service.DriverCommandExecutor.execute(DriverCommandExecutor.java:174)
at org.openqa.selenium.remote.RemoteWebDriver.execute(RemoteWebDriver.java:545)
at org.openqa.selenium.remote.RemoteWebDriver.execute(RemoteWebDriver.java:618)
at org.openqa.selenium.remote.RemoteWebDriver.execute(RemoteWebDriver.java:622)
at org.openqa.selenium.remote.RemoteWebDriver$RemoteWebDriverOptions$RemoteWindow.maximize(RemoteWebDriver.java:1067)
at com.dsalgo.automation.driver.DriverFactory.initializeDriver(DriverFactory.java:41)
at com.dsalgo.automation.hooks.Hooks.setUpFreshBrowser(Hooks.java:33)
Caused by: java.util.concurrent.TimeoutException
at java.base/java.util.concurrent.CompletableFuture$Timeout.run(CompletableFuture.java:2920)
at java.base/java.util.concurrent.Executors$RunnableAdapter.call(Executors.java:572)
at java.base/java.util.concurrent.FutureTask.run(FutureTask.java:317)
at java.base/java.util.concurrent.ScheduledThreadPoolExecutor$ScheduledFutureTask.run(ScheduledThreadPoolExecutor.java:304)
at java.base/java.util.concurrent.ThreadPoolExecutor.runWorker(ThreadPoolExecutor.java:1144)
at java.base/java.util.concurrent.ThreadPoolExecutor$Worker.run(ThreadPoolExecutor.java:642)
at java.base/java.lang.Thread.run(Thread.java:1583)
]]>
    </error>
  </testcase> <!-- runScenario -->
  <system-out/>
  <testcase classname="com.dsalgo.automation.runners.TestRunner" name="runScenario" time="58.308"/>
  <system-out/>
  <testcase classname="com.dsalgo.automation.runners.TestRunner" name="runScenario" time="200.528"/>
  <system-out/>
  <testcase classname="com.dsalgo.automation.runners.TestRunner" name="runScenario" time="147.357"/>
  <system-out/>
  <testcase classname="com.dsalgo.automation.runners.TestRunner" name="runScenario" time="167.199"/>
  <system-out/>
  <testcase classname="com.dsalgo.automation.runners.TestRunner" name="runScenario" time="100.378"/>
  <system-out/>
  <testcase classname="com.dsalgo.automation.runners.TestRunner" name="runScenario" time="169.752"/>
  <system-out/>
  <testcase classname="com.dsalgo.automation.runners.TestRunner" name="runScenario" time="79.755"/>
  <system-out/>
  <testcase classname="com.dsalgo.automation.runners.TestRunner" name="runScenario" time="192.837"/>
  <system-out/>
  <testcase classname="com.dsalgo.automation.runners.TestRunner" name="runScenario" time="127.335"/>
  <system-out/>
  <testcase classname="com.dsalgo.automation.runners.TestRunner" name="runScenario" time="173.585"/>
  <system-out/>
  <testcase classname="com.dsalgo.automation.runners.TestRunner" name="runScenario" time="78.952">
    <failure message="Test Case Failed: Title of the page is not matched with Expected Title expected [www.javatpoint.com] but found [type of the linked list]" type="java.lang.AssertionError">
      <![CDATA[java.lang.AssertionError: Test Case Failed: Title of the page is not matched with Expected Title expected [www.javatpoint.com] but found [type of the linked list]
at org.testng.Assert.fail(Assert.java:99)
at org.testng.Assert.failNotEquals(Assert.java:1037)
at org.testng.Assert.assertEqualsImpl(Assert.java:140)
at org.testng.Assert.assertEquals(Assert.java:122)
at org.testng.Assert.assertEquals(Assert.java:629)
at com.dsalgo.automation.stepdefinations.LinkedListStepDef.the_user_should_be_redirected_to_typesof_Linked_List_page_through_link(LinkedListStepDef.java:206)
at ✽.The user should be redirected to type of the linked list page(file:///C:/Users/mpore/eclipse-workspace/DSAlgo_March2025/DSAlgo_March2025/src/test/resources/features/LinkedList.feature:121)
]]>
    </failure>
  </testcase> <!-- runScenario -->
  <system-out/>
  <testcase classname="com.dsalgo.automation.runners.TestRunner" name="runScenario" time="71.698"/>
  <system-out/>
  <testcase classname="com.dsalgo.automation.runners.TestRunner" name="runScenario" time="49.664"/>
  <system-out/>
  <testcase classname="com.dsalgo.automation.runners.TestRunner" name="runScenario" time="71.317"/>
  <system-out/>
  <testcase classname="com.dsalgo.automation.runners.TestRunner" name="runScenario" time="91.203">
    <failure message="&quot;Test failed:Page title is not matched with Actual Title expected [doubly linked list] but found [www.javatpoint.com]" type="java.lang.AssertionError">
      <![CDATA[java.lang.AssertionError: "Test failed:Page title is not matched with Actual Title expected [doubly linked list] but found [www.javatpoint.com]
at org.testng.Assert.fail(Assert.java:99)
at org.testng.Assert.failNotEquals(Assert.java:1037)
at org.testng.Assert.assertEqualsImpl(Assert.java:140)
at org.testng.Assert.assertEquals(Assert.java:122)
at org.testng.Assert.assertEquals(Assert.java:629)
at com.dsalgo.automation.stepdefinations.LinkedListStepDef.the_user_should_be_redirected_to_doubly_Linked_List_page(LinkedListStepDef.java:191)
at ✽.The user should be redirected to doubly linked list page(file:///C:/Users/mpore/eclipse-workspace/DSAlgo_March2025/DSAlgo_March2025/src/test/resources/features/LinkedList.feature:115)
]]>
    </failure>
  </testcase> <!-- runScenario -->
  <system-out/>
  <testcase classname="com.dsalgo.automation.runners.TestRunner" name="runScenario" time="101.696"/>
  <system-out/>
  <testcase classname="com.dsalgo.automation.runners.TestRunner" name="runScenario" time="157.360"/>
  <system-out/>
  <testcase classname="com.dsalgo.automation.runners.TestRunner" name="runScenario" time="81.695"/>
  <system-out/>
  <testcase classname="com.dsalgo.automation.runners.TestRunner" name="runScenario" time="197.790"/>
  <system-out/>
  <testcase classname="com.dsalgo.automation.runners.TestRunner" name="runScenario" time="58.577"/>
  <system-out/>
  <testcase classname="com.dsalgo.automation.runners.TestRunner" name="runScenario" time="98.287"/>
  <system-out/>
  <testcase classname="com.dsalgo.automation.runners.TestRunner" name="runScenario" time="74.897"/>
  <system-out/>
  <testcase classname="com.dsalgo.automation.runners.TestRunner" name="runScenario" time="198.924"/>
  <system-out/>
  <testcase classname="com.dsalgo.automation.runners.TestRunner" name="runScenario" time="105.587"/>
  <system-out/>
  <testcase classname="com.dsalgo.automation.runners.TestRunner" name="runScenario" time="193.754"/>
  <system-out/>
</testsuite> <!-- com.dsalgo.automation.runners.TestRunner -->
